[webpack-cli] Compilation starting...
Browserslist: caniuse-lite is outdated. Please run:
npx browserslist@latest --update-db

Why you should do it regularly:
https://github.com/browserslist/browserslist#browsers-data-updating
(node:44273) [DEP_WEBPACK_COMPILATION_ASSETS] DeprecationWarning: Compilation.assets will be frozen in future, all modifications are deprecated.
BREAKING CHANGE: No more changes should happen to Compilation.assets after sealing the Compilation.
	Do changes to assets earlier, e. g. in Compilation.hooks.processAssets.
	Make sure to select an appropriate stage from Compilation.PROCESS_ASSETS_STAGE_*.
(Use `node --trace-deprecation ...` to show where the warning was created)
[webpack-cli] Compilation finished
assets by path src/ 21.2 KiB 60 assets
assets by path test/ 5.42 KiB
  assets by path test/unit/ 5.25 KiB 33 assets
  assets by path test/integration/*.ts 44 bytes
    asset test/integration/game-version-group.test.d.ts 11 bytes [emitted]
    asset test/integration/languages.test.d.ts 11 bytes [emitted]
    asset test/integration/pokemon.test.d.ts 11 bytes [emitted]
    asset test/integration/region.test.d.ts 11 bytes [emitted]
  asset test/shared/region.d.ts 133 bytes [emitted]
assets by path *.js 20.8 MiB
  asset app.js 20.8 MiB [emitted] (name: main)
  asset ormconfig.js 1.83 KiB [emitted]
runtime modules 791 bytes 4 modules
modules by path ./node_modules/ 7.63 MiB
  javascript modules 7.38 MiB
    cacheable modules 7.38 MiB 1209 modules
    5 modules
  json modules 256 KiB
    modules by path ./node_modules/iconv-lite/encodings/tables/*.json 86.7 KiB 8 modules
    3 modules
modules by path ./src/ 190 KiB 47 modules
20 modules

WARNING in ./node_modules/app-root-path/lib/app-root-path.js 14:10-56
Critical dependency: the request of a dependency is an expression
 @ ./node_modules/app-root-path/index.js 3:10-43
 @ ./node_modules/typeorm/connection/ConnectionOptionsReader.js 4:46-70
 @ ./node_modules/typeorm/index.js 11:32-79 93:32-79
 @ ./src/driver.ts 19:16-34
 @ ./src/app.ts 7:15-34

WARNING in ./node_modules/express/lib/view.js 81:13-25
Critical dependency: the request of a dependency is an expression
 @ ./node_modules/express/lib/application.js 22:11-28
 @ ./node_modules/express/lib/express.js 18:12-36
 @ ./node_modules/express/index.js 11:0-41
 @ ./src/server.ts 9:14-32
 @ ./src/app.ts 9:15-34

WARNING in ./node_modules/typeorm/connection/ConnectionOptionsReader.js 117:45-64
Critical dependency: the request of a dependency is an expression
 @ ./node_modules/typeorm/index.js 11:32-79 93:32-79
 @ ./src/driver.ts 19:16-34
 @ ./src/app.ts 7:15-34

WARNING in ./node_modules/typeorm/connection/ConnectionOptionsReader.js 129:44-63
Critical dependency: the request of a dependency is an expression
 @ ./node_modules/typeorm/index.js 11:32-79 93:32-79
 @ ./src/driver.ts 19:16-34
 @ ./src/app.ts 7:15-34

WARNING in ./node_modules/typeorm/platform/PlatformTools.js 48:27-54
Module not found: Error: Can't resolve '@sap/hana-client' in '/Users/shimizunoriyuki/src/lab/rakus/pokemon/pokemon-api/node_modules/typeorm/platform'
 @ ./node_modules/typeorm/index.js 10:22-57
 @ ./src/driver.ts 19:16-34
 @ ./src/app.ts 7:15-34

WARNING in ./node_modules/typeorm/platform/PlatformTools.js 50:27-46
Module not found: Error: Can't resolve 'hdb-pool' in '/Users/shimizunoriyuki/src/lab/rakus/pokemon/pokemon-api/node_modules/typeorm/platform'
 @ ./node_modules/typeorm/index.js 10:22-57
 @ ./src/driver.ts 19:16-34
 @ ./src/app.ts 7:15-34

WARNING in ./node_modules/typeorm/platform/PlatformTools.js 109:19-81
Critical dependency: the request of a dependency is an expression
 @ ./node_modules/typeorm/index.js 10:22-57
 @ ./src/driver.ts 19:16-34
 @ ./src/app.ts 7:15-34

WARNING in ./node_modules/typeorm/util/DirectoryExportedClassesLoader.js 41:38-94
Critical dependency: the request of a dependency is an expression
 @ ./node_modules/typeorm/connection/ConnectionMetadataBuilder.js 4:39-88
 @ ./node_modules/typeorm/connection/Connection.js 15:34-72
 @ ./node_modules/typeorm/index.js 95:19-53
 @ ./src/driver.ts 19:16-34
 @ ./src/app.ts 7:15-34

WARNING in ./node_modules/typeorm/util/DirectoryExportedClassesLoader.js 55:38-94
Critical dependency: the request of a dependency is an expression
 @ ./node_modules/typeorm/connection/ConnectionMetadataBuilder.js 4:39-88
 @ ./node_modules/typeorm/connection/Connection.js 15:34-72
 @ ./node_modules/typeorm/index.js 95:19-53
 @ ./src/driver.ts 19:16-34
 @ ./src/app.ts 7:15-34

webpack 5.10.1 compiled with 9 warnings in 13409 ms
[webpack-cli] watching files for updates...
[webpack-cli] Compilation starting...
[webpack-cli] Compilation finished
assets by status 20.8 MiB [cached] 1 asset
cached modules 7.82 MiB (javascript) 791 bytes (runtime) [cached] 1367 modules

WARNING in ./node_modules/app-root-path/lib/app-root-path.js 14:10-56
Critical dependency: the request of a dependency is an expression
 @ ./node_modules/app-root-path/index.js 3:10-43
 @ ./node_modules/typeorm/logger/FileLogger.js 4:46-70
 @ ./node_modules/typeorm/index.js 76:21-51
 @ ./src/driver.ts 19:16-34
 @ ./src/app.ts 7:15-34

WARNING in ./node_modules/express/lib/view.js 81:13-25
Critical dependency: the request of a dependency is an expression
 @ ./node_modules/express/lib/application.js 22:11-28
 @ ./node_modules/express/lib/express.js 18:12-36
 @ ./node_modules/express/index.js 11:0-41
 @ ./src/server.ts 9:14-32
 @ ./src/app.ts 9:15-34

WARNING in ./node_modules/typeorm/connection/ConnectionOptionsReader.js 117:45-64
Critical dependency: the request of a dependency is an expression
 @ ./node_modules/typeorm/index.js 11:32-79 93:32-79
 @ ./src/driver.ts 19:16-34
 @ ./src/app.ts 7:15-34

WARNING in ./node_modules/typeorm/connection/ConnectionOptionsReader.js 129:44-63
Critical dependency: the request of a dependency is an expression
 @ ./node_modules/typeorm/index.js 11:32-79 93:32-79
 @ ./src/driver.ts 19:16-34
 @ ./src/app.ts 7:15-34

WARNING in ./node_modules/typeorm/platform/PlatformTools.js 48:27-54
Module not found: Error: Can't resolve '@sap/hana-client' in '/Users/shimizunoriyuki/src/lab/rakus/pokemon/pokemon-api/node_modules/typeorm/platform'
 @ ./node_modules/typeorm/index.js 10:22-57
 @ ./src/driver.ts 19:16-34
 @ ./src/app.ts 7:15-34

WARNING in ./node_modules/typeorm/platform/PlatformTools.js 50:27-46
Module not found: Error: Can't resolve 'hdb-pool' in '/Users/shimizunoriyuki/src/lab/rakus/pokemon/pokemon-api/node_modules/typeorm/platform'
 @ ./node_modules/typeorm/index.js 10:22-57
 @ ./src/driver.ts 19:16-34
 @ ./src/app.ts 7:15-34

WARNING in ./node_modules/typeorm/platform/PlatformTools.js 109:19-81
Critical dependency: the request of a dependency is an expression
 @ ./node_modules/typeorm/index.js 10:22-57
 @ ./src/driver.ts 19:16-34
 @ ./src/app.ts 7:15-34

WARNING in ./node_modules/typeorm/util/DirectoryExportedClassesLoader.js 41:38-94
Critical dependency: the request of a dependency is an expression
 @ ./node_modules/typeorm/connection/ConnectionMetadataBuilder.js 4:39-88
 @ ./node_modules/typeorm/connection/Connection.js 15:34-72
 @ ./node_modules/typeorm/index.js 95:19-53
 @ ./src/driver.ts 19:16-34
 @ ./src/app.ts 7:15-34

WARNING in ./node_modules/typeorm/util/DirectoryExportedClassesLoader.js 55:38-94
Critical dependency: the request of a dependency is an expression
 @ ./node_modules/typeorm/connection/ConnectionMetadataBuilder.js 4:39-88
 @ ./node_modules/typeorm/connection/Connection.js 15:34-72
 @ ./node_modules/typeorm/index.js 95:19-53
 @ ./src/driver.ts 19:16-34
 @ ./src/app.ts 7:15-34

webpack 5.10.1 compiled with 9 warnings in 828 ms
[webpack-cli] watching files for updates...
[webpack-cli] Compilation starting...
[webpack-cli] Compilation finished
asset app.js 20.9 MiB [emitted] (name: main)
cached modules 7.79 MiB [cached] 1356 modules
runtime modules 791 bytes 4 modules
javascript modules 36.7 KiB
  modules by path ./src/domain/entity/*.ts 24.4 KiB
    code generated modules 11.4 KiB [code generated]
      ./src/domain/entity/GameVersionGroup.entity.ts 6.05 KiB [built] [code generated]
      ./src/domain/entity/GameVersionGroupRegion.entity.ts 5.36 KiB [built] [code generated] [3 errors]
    ./src/domain/entity/index.ts 1.72 KiB [built]
    ./src/domain/entity/GameVersion.entity.ts 5.48 KiB [built]
    ./src/domain/entity/PokemonGameImage.entity.ts 5.77 KiB [built]
  ./src/presenter/GameVersionGroup.presenter.ts 4.29 KiB [built]
  ./src/infrastructure/repository/GameVersionGroup.repository.ts 3.02 KiB [built]
  ./src/interactor/GameVersionGroup.interactor.ts 4.97 KiB [built]

WARNING in ./node_modules/app-root-path/lib/app-root-path.js 14:10-56
Critical dependency: the request of a dependency is an expression
 @ ./node_modules/app-root-path/index.js 3:10-43
 @ ./node_modules/typeorm/logger/FileLogger.js 4:46-70
 @ ./node_modules/typeorm/index.js 76:21-51
 @ ./src/driver.ts 19:16-34
 @ ./src/app.ts 7:15-34

WARNING in ./node_modules/express/lib/view.js 81:13-25
Critical dependency: the request of a dependency is an expression
 @ ./node_modules/express/lib/application.js 22:11-28
 @ ./node_modules/express/lib/express.js 18:12-36
 @ ./node_modules/express/index.js 11:0-41
 @ ./src/server.ts 9:14-32
 @ ./src/app.ts 9:15-34

WARNING in ./node_modules/typeorm/connection/ConnectionOptionsReader.js 117:45-64
Critical dependency: the request of a dependency is an expression
 @ ./node_modules/typeorm/index.js 11:32-79 93:32-79
 @ ./src/driver.ts 19:16-34
 @ ./src/app.ts 7:15-34

WARNING in ./node_modules/typeorm/connection/ConnectionOptionsReader.js 129:44-63
Critical dependency: the request of a dependency is an expression
 @ ./node_modules/typeorm/index.js 11:32-79 93:32-79
 @ ./src/driver.ts 19:16-34
 @ ./src/app.ts 7:15-34

WARNING in ./node_modules/typeorm/platform/PlatformTools.js 48:27-54
Module not found: Error: Can't resolve '@sap/hana-client' in '/Users/shimizunoriyuki/src/lab/rakus/pokemon/pokemon-api/node_modules/typeorm/platform'
 @ ./node_modules/typeorm/index.js 10:22-57
 @ ./src/driver.ts 19:16-34
 @ ./src/app.ts 7:15-34

WARNING in ./node_modules/typeorm/platform/PlatformTools.js 50:27-46
Module not found: Error: Can't resolve 'hdb-pool' in '/Users/shimizunoriyuki/src/lab/rakus/pokemon/pokemon-api/node_modules/typeorm/platform'
 @ ./node_modules/typeorm/index.js 10:22-57
 @ ./src/driver.ts 19:16-34
 @ ./src/app.ts 7:15-34

WARNING in ./node_modules/typeorm/platform/PlatformTools.js 109:19-81
Critical dependency: the request of a dependency is an expression
 @ ./node_modules/typeorm/index.js 10:22-57
 @ ./src/driver.ts 19:16-34
 @ ./src/app.ts 7:15-34

WARNING in ./node_modules/typeorm/util/DirectoryExportedClassesLoader.js 41:38-94
Critical dependency: the request of a dependency is an expression
 @ ./node_modules/typeorm/connection/ConnectionMetadataBuilder.js 4:39-88
 @ ./node_modules/typeorm/connection/Connection.js 15:34-72
 @ ./node_modules/typeorm/index.js 95:19-53
 @ ./src/driver.ts 19:16-34
 @ ./src/app.ts 7:15-34

WARNING in ./node_modules/typeorm/util/DirectoryExportedClassesLoader.js 55:38-94
Critical dependency: the request of a dependency is an expression
 @ ./node_modules/typeorm/connection/ConnectionMetadataBuilder.js 4:39-88
 @ ./node_modules/typeorm/connection/Connection.js 15:34-72
 @ ./node_modules/typeorm/index.js 95:19-53
 @ ./src/driver.ts 19:16-34
 @ ./src/app.ts 7:15-34

ERROR in /Users/shimizunoriyuki/src/lab/rakus/pokemon/pokemon-api/src/domain/entity/GameVersionGroupRegion.entity.ts
./src/domain/entity/GameVersionGroupRegion.entity.ts
[tsl] ERROR in /Users/shimizunoriyuki/src/lab/rakus/pokemon/pokemon-api/src/domain/entity/GameVersionGroupRegion.entity.ts(4,5)
      TS6133: 'Column' is declared but its value is never read.
 @ ./src/domain/entity/GameVersionGroup.entity.ts 49:38-80
 @ ./src/domain/entity/index.ts 13:32-68
 @ ./src/driver.ts 17:15-41
 @ ./src/app.ts 7:15-34

ERROR in /Users/shimizunoriyuki/src/lab/rakus/pokemon/pokemon-api/src/domain/entity/GameVersionGroupRegion.entity.ts
./src/domain/entity/GameVersionGroupRegion.entity.ts
[tsl] ERROR in /Users/shimizunoriyuki/src/lab/rakus/pokemon/pokemon-api/src/domain/entity/GameVersionGroupRegion.entity.ts(22,48)
      TS2339: Property 'pokemonTypes' does not exist on type 'GameVersionGroupEntity'.
 @ ./src/domain/entity/GameVersionGroup.entity.ts 49:38-80
 @ ./src/domain/entity/index.ts 13:32-68
 @ ./src/driver.ts 17:15-41
 @ ./src/app.ts 7:15-34

ERROR in /Users/shimizunoriyuki/src/lab/rakus/pokemon/pokemon-api/src/domain/entity/GameVersionGroupRegion.entity.ts
./src/domain/entity/GameVersionGroupRegion.entity.ts
[tsl] ERROR in /Users/shimizunoriyuki/src/lab/rakus/pokemon/pokemon-api/src/domain/entity/GameVersionGroupRegion.entity.ts(29,51)
      TS2339: Property 'pokemonTypes' does not exist on type 'RegionEntity'.
 @ ./src/domain/entity/GameVersionGroup.entity.ts 49:38-80
 @ ./src/domain/entity/index.ts 13:32-68
 @ ./src/driver.ts 17:15-41
 @ ./src/app.ts 7:15-34

webpack 5.10.1 compiled with 3 errors and 9 warnings in 12555 ms
[webpack-cli] watching files for updates...
[webpack-cli] Compilation starting...
[webpack-cli] Compilation finished
asset app.js 20.9 MiB [emitted] (name: main)
cached modules 7.79 MiB [cached] 1355 modules
runtime modules 791 bytes 4 modules
javascript modules 43.9 KiB
  modules by path ./src/domain/entity/*.ts 32.4 KiB
    code generated modules 12.9 KiB [code generated]
      ./src/domain/entity/index.ts 1.72 KiB [built] [code generated]
      ./src/domain/entity/Region.entity.ts 5.81 KiB [built] [code generated]
      ./src/domain/entity/GameVersionGroupRegion.entity.ts 5.39 KiB [built] [code generated]
    ./src/domain/entity/Pokemon.entity.ts 7.96 KiB [built]
    ./src/domain/entity/GameVersionGroup.entity.ts 6.05 KiB [built]
    ./src/domain/entity/RegionName.entity.ts 5.43 KiB [built]
  ./src/presenter/Region.presenter.ts 4.1 KiB [built]
  ./src/infrastructure/repository/Region.repository.ts 2.73 KiB [built]
  ./src/interactor/Region.interactor.ts 4.77 KiB [built]

WARNING in ./node_modules/app-root-path/lib/app-root-path.js 14:10-56
Critical dependency: the request of a dependency is an expression
 @ ./node_modules/app-root-path/index.js 3:10-43
 @ ./node_modules/typeorm/logger/FileLogger.js 4:46-70
 @ ./node_modules/typeorm/index.js 76:21-51
 @ ./src/driver.ts 19:16-34
 @ ./src/app.ts 7:15-34

WARNING in ./node_modules/express/lib/view.js 81:13-25
Critical dependency: the request of a dependency is an expression
 @ ./node_modules/express/lib/application.js 22:11-28
 @ ./node_modules/express/lib/express.js 18:12-36
 @ ./node_modules/express/index.js 11:0-41
 @ ./src/server.ts 9:14-32
 @ ./src/app.ts 9:15-34

WARNING in ./node_modules/typeorm/connection/ConnectionOptionsReader.js 117:45-64
Critical dependency: the request of a dependency is an expression
 @ ./node_modules/typeorm/index.js 11:32-79 93:32-79
 @ ./src/driver.ts 19:16-34
 @ ./src/app.ts 7:15-34

WARNING in ./node_modules/typeorm/connection/ConnectionOptionsReader.js 129:44-63
Critical dependency: the request of a dependency is an expression
 @ ./node_modules/typeorm/index.js 11:32-79 93:32-79
 @ ./src/driver.ts 19:16-34
 @ ./src/app.ts 7:15-34

WARNING in ./node_modules/typeorm/platform/PlatformTools.js 48:27-54
Module not found: Error: Can't resolve '@sap/hana-client' in '/Users/shimizunoriyuki/src/lab/rakus/pokemon/pokemon-api/node_modules/typeorm/platform'
 @ ./node_modules/typeorm/index.js 10:22-57
 @ ./src/driver.ts 19:16-34
 @ ./src/app.ts 7:15-34

WARNING in ./node_modules/typeorm/platform/PlatformTools.js 50:27-46
Module not found: Error: Can't resolve 'hdb-pool' in '/Users/shimizunoriyuki/src/lab/rakus/pokemon/pokemon-api/node_modules/typeorm/platform'
 @ ./node_modules/typeorm/index.js 10:22-57
 @ ./src/driver.ts 19:16-34
 @ ./src/app.ts 7:15-34

WARNING in ./node_modules/typeorm/platform/PlatformTools.js 109:19-81
Critical dependency: the request of a dependency is an expression
 @ ./node_modules/typeorm/index.js 10:22-57
 @ ./src/driver.ts 19:16-34
 @ ./src/app.ts 7:15-34

WARNING in ./node_modules/typeorm/util/DirectoryExportedClassesLoader.js 41:38-94
Critical dependency: the request of a dependency is an expression
 @ ./node_modules/typeorm/connection/ConnectionMetadataBuilder.js 4:39-88
 @ ./node_modules/typeorm/connection/Connection.js 15:34-72
 @ ./node_modules/typeorm/index.js 95:19-53
 @ ./src/driver.ts 19:16-34
 @ ./src/app.ts 7:15-34

WARNING in ./node_modules/typeorm/util/DirectoryExportedClassesLoader.js 55:38-94
Critical dependency: the request of a dependency is an expression
 @ ./node_modules/typeorm/connection/ConnectionMetadataBuilder.js 4:39-88
 @ ./node_modules/typeorm/connection/Connection.js 15:34-72
 @ ./node_modules/typeorm/index.js 95:19-53
 @ ./src/driver.ts 19:16-34
 @ ./src/app.ts 7:15-34

webpack 5.10.1 compiled with 9 warnings in 6199 ms
[webpack-cli] watching files for updates...
[webpack-cli] Compilation starting...
[webpack-cli] Compilation finished
asset app.js 20.9 MiB [emitted] (name: main)
cached modules 7.64 MiB [cached] 1316 modules
runtime modules 791 bytes 4 modules
javascript modules 196 KiB
  modules by path ./src/domain/ 114 KiB 23 modules
  modules by path ./src/controller/ 19.9 KiB
    modules by path ./src/controller/*.ts 19.3 KiB 4 modules
    modules by path ./src/controller/validator/*.ts 649 bytes 2 modules
  modules by path ./src/*.ts 7.76 KiB 5 modules
  modules by path ./src/presenter/*.ts 16.6 KiB 4 modules
  modules by path ./src/infrastructure/repository/*.ts 11.7 KiB 4 modules
  modules by path ./src/interactor/*.ts 21.3 KiB 4 modules
  modules by path ./src/registory/*.ts 4.37 KiB
    ./src/registory/inversify.config.ts 3.28 KiB [built] [code generated]
    ./src/registory/inversify.types.ts 1.08 KiB [built] [code generated]

WARNING in ./node_modules/app-root-path/lib/app-root-path.js 14:10-56
Critical dependency: the request of a dependency is an expression
 @ ./node_modules/app-root-path/index.js 3:10-43
 @ ./node_modules/typeorm/logger/FileLogger.js 4:46-70
 @ ./node_modules/typeorm/index.js 76:21-51
 @ ./src/domain/entity/Type.entity.ts 43:16-34
 @ ./src/domain/entity/index.ts 39:20-44
 @ ./src/driver.ts 17:15-41
 @ ./src/app.ts 7:15-34

WARNING in ./node_modules/express/lib/view.js 81:13-25
Critical dependency: the request of a dependency is an expression
 @ ./node_modules/express/lib/application.js 22:11-28
 @ ./node_modules/express/lib/express.js 18:12-36
 @ ./node_modules/express/index.js 11:0-41
 @ ./src/server.ts 9:14-32
 @ ./src/app.ts 9:15-34

WARNING in ./node_modules/typeorm/connection/ConnectionOptionsReader.js 117:45-64
Critical dependency: the request of a dependency is an expression
 @ ./node_modules/typeorm/index.js 11:32-79 93:32-79
 @ ./src/domain/entity/Type.entity.ts 43:16-34
 @ ./src/domain/entity/index.ts 39:20-44
 @ ./src/driver.ts 17:15-41
 @ ./src/app.ts 7:15-34

WARNING in ./node_modules/typeorm/connection/ConnectionOptionsReader.js 129:44-63
Critical dependency: the request of a dependency is an expression
 @ ./node_modules/typeorm/index.js 11:32-79 93:32-79
 @ ./src/domain/entity/Type.entity.ts 43:16-34
 @ ./src/domain/entity/index.ts 39:20-44
 @ ./src/driver.ts 17:15-41
 @ ./src/app.ts 7:15-34

WARNING in ./node_modules/typeorm/platform/PlatformTools.js 48:27-54
Module not found: Error: Can't resolve '@sap/hana-client' in '/Users/shimizunoriyuki/src/lab/rakus/pokemon/pokemon-api/node_modules/typeorm/platform'
 @ ./node_modules/typeorm/index.js 10:22-57
 @ ./src/domain/entity/Type.entity.ts 43:16-34
 @ ./src/domain/entity/index.ts 39:20-44
 @ ./src/driver.ts 17:15-41
 @ ./src/app.ts 7:15-34

WARNING in ./node_modules/typeorm/platform/PlatformTools.js 50:27-46
Module not found: Error: Can't resolve 'hdb-pool' in '/Users/shimizunoriyuki/src/lab/rakus/pokemon/pokemon-api/node_modules/typeorm/platform'
 @ ./node_modules/typeorm/index.js 10:22-57
 @ ./src/domain/entity/Type.entity.ts 43:16-34
 @ ./src/domain/entity/index.ts 39:20-44
 @ ./src/driver.ts 17:15-41
 @ ./src/app.ts 7:15-34

WARNING in ./node_modules/typeorm/platform/PlatformTools.js 109:19-81
Critical dependency: the request of a dependency is an expression
 @ ./node_modules/typeorm/index.js 10:22-57
 @ ./src/domain/entity/Type.entity.ts 43:16-34
 @ ./src/domain/entity/index.ts 39:20-44
 @ ./src/driver.ts 17:15-41
 @ ./src/app.ts 7:15-34

WARNING in ./node_modules/typeorm/util/DirectoryExportedClassesLoader.js 41:38-94
Critical dependency: the request of a dependency is an expression
 @ ./node_modules/typeorm/connection/ConnectionMetadataBuilder.js 4:39-88
 @ ./node_modules/typeorm/connection/Connection.js 15:34-72
 @ ./node_modules/typeorm/index.js 95:19-53
 @ ./src/domain/entity/Type.entity.ts 43:16-34
 @ ./src/domain/entity/index.ts 39:20-44
 @ ./src/driver.ts 17:15-41
 @ ./src/app.ts 7:15-34

WARNING in ./node_modules/typeorm/util/DirectoryExportedClassesLoader.js 55:38-94
Critical dependency: the request of a dependency is an expression
 @ ./node_modules/typeorm/connection/ConnectionMetadataBuilder.js 4:39-88
 @ ./node_modules/typeorm/connection/Connection.js 15:34-72
 @ ./node_modules/typeorm/index.js 95:19-53
 @ ./src/domain/entity/Type.entity.ts 43:16-34
 @ ./src/domain/entity/index.ts 39:20-44
 @ ./src/driver.ts 17:15-41
 @ ./src/app.ts 7:15-34

webpack 5.10.1 compiled with 9 warnings in 9122 ms
[webpack-cli] watching files for updates...
